

***********************************************************************
Fatal NI connect error 12537, connecting to:
 (DESCRIPTION=(CONNECT_DATA=(SERVICE_NAME=SIRADUP)(CID=(PROGRAM=apache2@usuario)(HOST=usuario)(USER=www-data)))(ADDRESS=(PROTOCOL=TCP)(HOST=10.11.9.70)(PORT=1521)))

  VERSION INFORMATION:
	TNS for Linux: Version 10.1.0.5.0 - Production
	TCP/IP NT Protocol Adapter for Linux: Version 10.1.0.5.0 - Production
  Time: 18-SEP-2015 16:45:30
  Tracing not turned on.
  Tns error struct:
    ns main err code: 12537
    TNS-12537: Message 12537 not found; No message file for product=network, facility=TNS
    ns secondary err code: 12560
    nt main err code: 507
    TNS-00507: Message 507 not found; No message file for product=network, facility=TNS


***********************************************************************
Fatal NI connect error 12541, connecting to:
 (DESCRIPTION=(CONNECT_DATA=(SERVICE_NAME=SIRADUP)(CID=(PROGRAM=apache2)(HOST=usuario)(USER=www-data)))(ADDRESS=(PROTOCOL=TCP)(HOST=10.11.9.70)(PORT=1521)))

  VERSION INFORMATION:
	TNS for Linux: Version 10.1.0.5.0 - Production
	TCP/IP NT Protocol Adapter for Linux: Version 10.1.0.5.0 - Production
  Time: 18-SEP-2015 16:55:09
  Tracing not turned on.
  Tns error struct:
    ns main err code: 12541
    TNS-12541: Message 12541 not found; No message file for product=network, facility=TNS
    ns secondary err code: 12560
    nt main err code: 511
    TNS-00511: Message 511 not found; No message file for product=network, facility=TNS
    nt secondary err code: 111
    nt OS err code: 0
